running egg_info
creating ../../build/lidar_processing/lidar_processing.egg-info
writing ../../build/lidar_processing/lidar_processing.egg-info/PKG-INFO
writing dependency_links to ../../build/lidar_processing/lidar_processing.egg-info/dependency_links.txt
writing entry points to ../../build/lidar_processing/lidar_processing.egg-info/entry_points.txt
writing requirements to ../../build/lidar_processing/lidar_processing.egg-info/requires.txt
writing top-level names to ../../build/lidar_processing/lidar_processing.egg-info/top_level.txt
writing manifest file '../../build/lidar_processing/lidar_processing.egg-info/SOURCES.txt'
reading manifest file '../../build/lidar_processing/lidar_processing.egg-info/SOURCES.txt'
writing manifest file '../../build/lidar_processing/lidar_processing.egg-info/SOURCES.txt'
running build
running build_py
creating /home/khemin/ws_lidar/build/lidar_processing/build
creating /home/khemin/ws_lidar/build/lidar_processing/build/lib
creating /home/khemin/ws_lidar/build/lidar_processing/build/lib/lidar_processing
copying lidar_processing/__init__.py -> /home/khemin/ws_lidar/build/lidar_processing/build/lib/lidar_processing
running install
running install_lib
creating /home/khemin/ws_lidar/install/lidar_processing/lib/python3.10/site-packages/lidar_processing
copying /home/khemin/ws_lidar/build/lidar_processing/build/lib/lidar_processing/__init__.py -> /home/khemin/ws_lidar/install/lidar_processing/lib/python3.10/site-packages/lidar_processing
byte-compiling /home/khemin/ws_lidar/install/lidar_processing/lib/python3.10/site-packages/lidar_processing/__init__.py to __init__.cpython-310.pyc
running install_data
creating /home/khemin/ws_lidar/install/lidar_processing/share/ament_index
creating /home/khemin/ws_lidar/install/lidar_processing/share/ament_index/resource_index
creating /home/khemin/ws_lidar/install/lidar_processing/share/ament_index/resource_index/packages
copying resource/lidar_processing -> /home/khemin/ws_lidar/install/lidar_processing/share/ament_index/resource_index/packages
copying package.xml -> /home/khemin/ws_lidar/install/lidar_processing/share/lidar_processing
running install_egg_info
Copying ../../build/lidar_processing/lidar_processing.egg-info to /home/khemin/ws_lidar/install/lidar_processing/lib/python3.10/site-packages/lidar_processing-0.0.0-py3.10.egg-info
running install_scripts
writing list of installed files to '/home/khemin/ws_lidar/build/lidar_processing/install.log'
