[0.490s] Invoking command in '/home/khemin/ws_lidar/src/lidar_processing': PYTHONPATH=/home/khemin/ws_lidar/build/lidar_processing/prefix_override:/usr/lib/python3/dist-packages/colcon_core/task/python/colcon_distutils_commands:/home/khemin/ws_lidar/install/lidar_processing/lib/python3.10/site-packages:${PYTHONPATH} /usr/bin/python3 -W ignore:setup.py install is deprecated setup.py egg_info --egg-base ../../build/lidar_processing build --build-base /home/khemin/ws_lidar/build/lidar_processing/build install --record /home/khemin/ws_lidar/build/lidar_processing/install.log --single-version-externally-managed install_data
[0.655s] running egg_info
[0.655s] creating ../../build/lidar_processing/lidar_processing.egg-info
[0.656s] writing ../../build/lidar_processing/lidar_processing.egg-info/PKG-INFO
[0.656s] writing dependency_links to ../../build/lidar_processing/lidar_processing.egg-info/dependency_links.txt
[0.656s] writing entry points to ../../build/lidar_processing/lidar_processing.egg-info/entry_points.txt
[0.656s] writing requirements to ../../build/lidar_processing/lidar_processing.egg-info/requires.txt
[0.656s] writing top-level names to ../../build/lidar_processing/lidar_processing.egg-info/top_level.txt
[0.656s] writing manifest file '../../build/lidar_processing/lidar_processing.egg-info/SOURCES.txt'
[0.658s] reading manifest file '../../build/lidar_processing/lidar_processing.egg-info/SOURCES.txt'
[0.658s] writing manifest file '../../build/lidar_processing/lidar_processing.egg-info/SOURCES.txt'
[0.658s] running build
[0.658s] running build_py
[0.658s] creating /home/khemin/ws_lidar/build/lidar_processing/build
[0.659s] creating /home/khemin/ws_lidar/build/lidar_processing/build/lib
[0.659s] creating /home/khemin/ws_lidar/build/lidar_processing/build/lib/lidar_processing
[0.659s] copying lidar_processing/__init__.py -> /home/khemin/ws_lidar/build/lidar_processing/build/lib/lidar_processing
[0.659s] running install
[0.659s] running install_lib
[0.660s] creating /home/khemin/ws_lidar/install/lidar_processing/lib/python3.10/site-packages/lidar_processing
[0.660s] copying /home/khemin/ws_lidar/build/lidar_processing/build/lib/lidar_processing/__init__.py -> /home/khemin/ws_lidar/install/lidar_processing/lib/python3.10/site-packages/lidar_processing
[0.660s] byte-compiling /home/khemin/ws_lidar/install/lidar_processing/lib/python3.10/site-packages/lidar_processing/__init__.py to __init__.cpython-310.pyc
[0.660s] running install_data
[0.661s] creating /home/khemin/ws_lidar/install/lidar_processing/share/ament_index
[0.661s] creating /home/khemin/ws_lidar/install/lidar_processing/share/ament_index/resource_index
[0.661s] creating /home/khemin/ws_lidar/install/lidar_processing/share/ament_index/resource_index/packages
[0.661s] copying resource/lidar_processing -> /home/khemin/ws_lidar/install/lidar_processing/share/ament_index/resource_index/packages
[0.661s] copying package.xml -> /home/khemin/ws_lidar/install/lidar_processing/share/lidar_processing
[0.661s] running install_egg_info
[0.663s] Copying ../../build/lidar_processing/lidar_processing.egg-info to /home/khemin/ws_lidar/install/lidar_processing/lib/python3.10/site-packages/lidar_processing-0.0.0-py3.10.egg-info
[0.663s] running install_scripts
[0.677s] writing list of installed files to '/home/khemin/ws_lidar/build/lidar_processing/install.log'
[0.694s] Invoked command in '/home/khemin/ws_lidar/src/lidar_processing' returned '0': PYTHONPATH=/home/khemin/ws_lidar/build/lidar_processing/prefix_override:/usr/lib/python3/dist-packages/colcon_core/task/python/colcon_distutils_commands:/home/khemin/ws_lidar/install/lidar_processing/lib/python3.10/site-packages:${PYTHONPATH} /usr/bin/python3 -W ignore:setup.py install is deprecated setup.py egg_info --egg-base ../../build/lidar_processing build --build-base /home/khemin/ws_lidar/build/lidar_processing/build install --record /home/khemin/ws_lidar/build/lidar_processing/install.log --single-version-externally-managed install_data
