[0.441s] Invoking command in '/home/khemin/ws_lidar/src/lidar_processing': PYTHONPATH=/home/khemin/ws_lidar/build/lidar_processing/prefix_override:/usr/lib/python3/dist-packages/colcon_core/task/python/colcon_distutils_commands:/home/khemin/ws_lidar/install/lidar_processing/lib/python3.10/site-packages:${PYTHONPATH} /usr/bin/python3 -W ignore:setup.py install is deprecated setup.py egg_info --egg-base ../../build/lidar_processing build --build-base /home/khemin/ws_lidar/build/lidar_processing/build install --record /home/khemin/ws_lidar/build/lidar_processing/install.log --single-version-externally-managed install_data
[0.601s] running egg_info
[0.602s] writing ../../build/lidar_processing/lidar_processing.egg-info/PKG-INFO
[0.602s] writing dependency_links to ../../build/lidar_processing/lidar_processing.egg-info/dependency_links.txt
[0.602s] writing entry points to ../../build/lidar_processing/lidar_processing.egg-info/entry_points.txt
[0.602s] writing requirements to ../../build/lidar_processing/lidar_processing.egg-info/requires.txt
[0.602s] writing top-level names to ../../build/lidar_processing/lidar_processing.egg-info/top_level.txt
[0.603s] reading manifest file '../../build/lidar_processing/lidar_processing.egg-info/SOURCES.txt'
[0.604s] writing manifest file '../../build/lidar_processing/lidar_processing.egg-info/SOURCES.txt'
[0.604s] running build
[0.604s] running build_py
[0.604s] running install
[0.605s] running install_lib
[0.605s] running install_data
[0.605s] running install_egg_info
[0.606s] removing '/home/khemin/ws_lidar/install/lidar_processing/lib/python3.10/site-packages/lidar_processing-0.0.0-py3.10.egg-info' (and everything under it)
[0.607s] Copying ../../build/lidar_processing/lidar_processing.egg-info to /home/khemin/ws_lidar/install/lidar_processing/lib/python3.10/site-packages/lidar_processing-0.0.0-py3.10.egg-info
[0.607s] running install_scripts
[0.620s] Installing sector_distance_node script to /home/khemin/ws_lidar/install/lidar_processing/lib/lidar_processing
[0.620s] writing list of installed files to '/home/khemin/ws_lidar/build/lidar_processing/install.log'
[0.638s] Invoked command in '/home/khemin/ws_lidar/src/lidar_processing' returned '0': PYTHONPATH=/home/khemin/ws_lidar/build/lidar_processing/prefix_override:/usr/lib/python3/dist-packages/colcon_core/task/python/colcon_distutils_commands:/home/khemin/ws_lidar/install/lidar_processing/lib/python3.10/site-packages:${PYTHONPATH} /usr/bin/python3 -W ignore:setup.py install is deprecated setup.py egg_info --egg-base ../../build/lidar_processing build --build-base /home/khemin/ws_lidar/build/lidar_processing/build install --record /home/khemin/ws_lidar/build/lidar_processing/install.log --single-version-externally-managed install_data
