[0.067s] DEBUG:colcon:Command line arguments: ['/usr/bin/colcon', 'build']
[0.067s] DEBUG:colcon:Parsed command line arguments: Namespace(log_base=None, log_level=None, verb_name='build', build_base='build', install_base='install', merge_install=False, symlink_install=False, test_result_base=None, continue_on_error=False, executor='parallel', parallel_workers=16, event_handlers=None, ignore_user_meta=False, metas=['./colcon.meta'], base_paths=['.'], packages_ignore=None, packages_ignore_regex=None, paths=None, packages_up_to=None, packages_up_to_regex=None, packages_above=None, packages_above_and_dependencies=None, packages_above_depth=None, packages_select_by_dep=None, packages_skip_by_dep=None, packages_skip_up_to=None, packages_select_build_failed=False, packages_skip_build_finished=False, packages_select_test_failures=False, packages_skip_test_passed=False, packages_select=None, packages_skip=None, packages_select_regex=None, packages_skip_regex=None, packages_start=None, packages_end=None, allow_overriding=[], cmake_args=None, cmake_target=None, cmake_target_skip_unavailable=False, cmake_clean_cache=False, cmake_clean_first=False, cmake_force_configure=False, ament_cmake_args=None, catkin_cmake_args=None, catkin_skip_building_tests=False, verb_parser=<colcon_defaults.argument_parser.defaults.DefaultArgumentsDecorator object at 0x7aa9020700a0>, verb_extension=<colcon_core.verb.build.BuildVerb object at 0x7aa9021d9a80>, main=<bound method BuildVerb.main of <colcon_core.verb.build.BuildVerb object at 0x7aa9021d9a80>>)
[0.178s] Level 1:colcon.colcon_core.package_discovery:discover_packages(colcon_meta) check parameters
[0.178s] Level 1:colcon.colcon_core.package_discovery:discover_packages(recursive) check parameters
[0.178s] Level 1:colcon.colcon_core.package_discovery:discover_packages(ignore) check parameters
[0.178s] Level 1:colcon.colcon_core.package_discovery:discover_packages(path) check parameters
[0.178s] Level 1:colcon.colcon_core.package_discovery:discover_packages(colcon_meta) discover
[0.178s] Level 1:colcon.colcon_core.package_discovery:discover_packages(recursive) discover
[0.178s] INFO:colcon.colcon_core.package_discovery:Crawling recursively for packages in '/home/khemin/ws_lidar'
[0.178s] Level 1:colcon.colcon_core.package_identification:_identify(.) by extensions ['ignore', 'ignore_ament_install']
[0.179s] Level 1:colcon.colcon_core.package_identification:_identify(.) by extension 'ignore'
[0.179s] Level 1:colcon.colcon_core.package_identification:_identify(.) by extension 'ignore_ament_install'
[0.179s] Level 1:colcon.colcon_core.package_identification:_identify(.) by extensions ['colcon_pkg']
[0.179s] Level 1:colcon.colcon_core.package_identification:_identify(.) by extension 'colcon_pkg'
[0.179s] Level 1:colcon.colcon_core.package_identification:_identify(.) by extensions ['colcon_meta']
[0.179s] Level 1:colcon.colcon_core.package_identification:_identify(.) by extension 'colcon_meta'
[0.179s] Level 1:colcon.colcon_core.package_identification:_identify(.) by extensions ['ros']
[0.179s] Level 1:colcon.colcon_core.package_identification:_identify(.) by extension 'ros'
[0.186s] Level 1:colcon.colcon_core.package_identification:_identify(.) by extensions ['cmake', 'python']
[0.186s] Level 1:colcon.colcon_core.package_identification:_identify(.) by extension 'cmake'
[0.186s] Level 1:colcon.colcon_core.package_identification:_identify(.) by extension 'python'
[0.186s] Level 1:colcon.colcon_core.package_identification:_identify(.) by extensions ['python_setup_py']
[0.186s] Level 1:colcon.colcon_core.package_identification:_identify(.) by extension 'python_setup_py'
[0.186s] Level 1:colcon.colcon_core.package_identification:_identify(build) by extensions ['ignore', 'ignore_ament_install']
[0.186s] Level 1:colcon.colcon_core.package_identification:_identify(build) by extension 'ignore'
[0.186s] Level 1:colcon.colcon_core.package_identification:_identify(build) ignored
[0.186s] Level 1:colcon.colcon_core.package_identification:_identify(install) by extensions ['ignore', 'ignore_ament_install']
[0.186s] Level 1:colcon.colcon_core.package_identification:_identify(install) by extension 'ignore'
[0.186s] Level 1:colcon.colcon_core.package_identification:_identify(install) ignored
[0.186s] Level 1:colcon.colcon_core.package_identification:_identify(log) by extensions ['ignore', 'ignore_ament_install']
[0.186s] Level 1:colcon.colcon_core.package_identification:_identify(log) by extension 'ignore'
[0.186s] Level 1:colcon.colcon_core.package_identification:_identify(log) ignored
[0.186s] Level 1:colcon.colcon_core.package_identification:_identify(src) by extensions ['ignore', 'ignore_ament_install']
[0.186s] Level 1:colcon.colcon_core.package_identification:_identify(src) by extension 'ignore'
[0.186s] Level 1:colcon.colcon_core.package_identification:_identify(src) by extension 'ignore_ament_install'
[0.186s] Level 1:colcon.colcon_core.package_identification:_identify(src) by extensions ['colcon_pkg']
[0.186s] Level 1:colcon.colcon_core.package_identification:_identify(src) by extension 'colcon_pkg'
[0.187s] Level 1:colcon.colcon_core.package_identification:_identify(src) by extensions ['colcon_meta']
[0.187s] Level 1:colcon.colcon_core.package_identification:_identify(src) by extension 'colcon_meta'
[0.187s] Level 1:colcon.colcon_core.package_identification:_identify(src) by extensions ['ros']
[0.187s] Level 1:colcon.colcon_core.package_identification:_identify(src) by extension 'ros'
[0.187s] Level 1:colcon.colcon_core.package_identification:_identify(src) by extensions ['cmake', 'python']
[0.187s] Level 1:colcon.colcon_core.package_identification:_identify(src) by extension 'cmake'
[0.187s] Level 1:colcon.colcon_core.package_identification:_identify(src) by extension 'python'
[0.187s] Level 1:colcon.colcon_core.package_identification:_identify(src) by extensions ['python_setup_py']
[0.187s] Level 1:colcon.colcon_core.package_identification:_identify(src) by extension 'python_setup_py'
[0.187s] Level 1:colcon.colcon_core.package_identification:_identify(src/lidar_processing) by extensions ['ignore', 'ignore_ament_install']
[0.187s] Level 1:colcon.colcon_core.package_identification:_identify(src/lidar_processing) by extension 'ignore'
[0.187s] Level 1:colcon.colcon_core.package_identification:_identify(src/lidar_processing) by extension 'ignore_ament_install'
[0.187s] Level 1:colcon.colcon_core.package_identification:_identify(src/lidar_processing) by extensions ['colcon_pkg']
[0.187s] Level 1:colcon.colcon_core.package_identification:_identify(src/lidar_processing) by extension 'colcon_pkg'
[0.187s] Level 1:colcon.colcon_core.package_identification:_identify(src/lidar_processing) by extensions ['colcon_meta']
[0.187s] Level 1:colcon.colcon_core.package_identification:_identify(src/lidar_processing) by extension 'colcon_meta'
[0.187s] Level 1:colcon.colcon_core.package_identification:_identify(src/lidar_processing) by extensions ['ros']
[0.187s] Level 1:colcon.colcon_core.package_identification:_identify(src/lidar_processing) by extension 'ros'
[0.188s] DEBUG:colcon.colcon_core.package_identification:Package 'src/lidar_processing' with type 'ros.ament_python' and name 'lidar_processing'
[0.188s] Level 1:colcon.colcon_core.package_identification:_identify(src/sllidar_ros2) by extensions ['ignore', 'ignore_ament_install']
[0.188s] Level 1:colcon.colcon_core.package_identification:_identify(src/sllidar_ros2) by extension 'ignore'
[0.188s] Level 1:colcon.colcon_core.package_identification:_identify(src/sllidar_ros2) by extension 'ignore_ament_install'
[0.189s] Level 1:colcon.colcon_core.package_identification:_identify(src/sllidar_ros2) by extensions ['colcon_pkg']
[0.189s] Level 1:colcon.colcon_core.package_identification:_identify(src/sllidar_ros2) by extension 'colcon_pkg'
[0.189s] Level 1:colcon.colcon_core.package_identification:_identify(src/sllidar_ros2) by extensions ['colcon_meta']
[0.189s] Level 1:colcon.colcon_core.package_identification:_identify(src/sllidar_ros2) by extension 'colcon_meta'
[0.189s] Level 1:colcon.colcon_core.package_identification:_identify(src/sllidar_ros2) by extensions ['ros']
[0.189s] Level 1:colcon.colcon_core.package_identification:_identify(src/sllidar_ros2) by extension 'ros'
[0.189s] DEBUG:colcon.colcon_core.package_identification:Package 'src/sllidar_ros2' with type 'ros.ament_cmake' and name 'sllidar_ros2'
[0.189s] Level 1:colcon.colcon_core.package_discovery:discover_packages(recursive) using defaults
[0.189s] Level 1:colcon.colcon_core.package_discovery:discover_packages(ignore) discover
[0.189s] Level 1:colcon.colcon_core.package_discovery:discover_packages(ignore) using defaults
[0.189s] Level 1:colcon.colcon_core.package_discovery:discover_packages(path) discover
[0.189s] Level 1:colcon.colcon_core.package_discovery:discover_packages(path) using defaults
[0.210s] Level 1:colcon.colcon_core.package_discovery:discover_packages(prefix_path) check parameters
[0.210s] Level 1:colcon.colcon_core.package_discovery:discover_packages(prefix_path) discover
[0.211s] DEBUG:colcon.colcon_installed_package_information.package_discovery:Found 2 installed packages in /home/khemin/ws_lidar/install
[0.212s] DEBUG:colcon.colcon_installed_package_information.package_discovery:Found 395 installed packages in /opt/ros/humble
[0.213s] Level 1:colcon.colcon_core.package_discovery:discover_packages(prefix_path) using defaults
[0.243s] Level 5:colcon.colcon_core.verb:set package 'lidar_processing' build argument 'cmake_args' from command line to 'None'
[0.243s] Level 5:colcon.colcon_core.verb:set package 'lidar_processing' build argument 'cmake_target' from command line to 'None'
[0.243s] Level 5:colcon.colcon_core.verb:set package 'lidar_processing' build argument 'cmake_target_skip_unavailable' from command line to 'False'
[0.243s] Level 5:colcon.colcon_core.verb:set package 'lidar_processing' build argument 'cmake_clean_cache' from command line to 'False'
[0.243s] Level 5:colcon.colcon_core.verb:set package 'lidar_processing' build argument 'cmake_clean_first' from command line to 'False'
[0.243s] Level 5:colcon.colcon_core.verb:set package 'lidar_processing' build argument 'cmake_force_configure' from command line to 'False'
[0.243s] Level 5:colcon.colcon_core.verb:set package 'lidar_processing' build argument 'ament_cmake_args' from command line to 'None'
[0.243s] Level 5:colcon.colcon_core.verb:set package 'lidar_processing' build argument 'catkin_cmake_args' from command line to 'None'
[0.243s] Level 5:colcon.colcon_core.verb:set package 'lidar_processing' build argument 'catkin_skip_building_tests' from command line to 'False'
[0.243s] DEBUG:colcon.colcon_core.verb:Building package 'lidar_processing' with the following arguments: {'ament_cmake_args': None, 'build_base': '/home/khemin/ws_lidar/build/lidar_processing', 'catkin_cmake_args': None, 'catkin_skip_building_tests': False, 'cmake_args': None, 'cmake_clean_cache': False, 'cmake_clean_first': False, 'cmake_force_configure': False, 'cmake_target': None, 'cmake_target_skip_unavailable': False, 'install_base': '/home/khemin/ws_lidar/install/lidar_processing', 'merge_install': False, 'path': '/home/khemin/ws_lidar/src/lidar_processing', 'symlink_install': False, 'test_result_base': None}
[0.244s] Level 5:colcon.colcon_core.verb:set package 'sllidar_ros2' build argument 'cmake_args' from command line to 'None'
[0.244s] Level 5:colcon.colcon_core.verb:set package 'sllidar_ros2' build argument 'cmake_target' from command line to 'None'
[0.244s] Level 5:colcon.colcon_core.verb:set package 'sllidar_ros2' build argument 'cmake_target_skip_unavailable' from command line to 'False'
[0.244s] Level 5:colcon.colcon_core.verb:set package 'sllidar_ros2' build argument 'cmake_clean_cache' from command line to 'False'
[0.244s] Level 5:colcon.colcon_core.verb:set package 'sllidar_ros2' build argument 'cmake_clean_first' from command line to 'False'
[0.244s] Level 5:colcon.colcon_core.verb:set package 'sllidar_ros2' build argument 'cmake_force_configure' from command line to 'False'
[0.244s] Level 5:colcon.colcon_core.verb:set package 'sllidar_ros2' build argument 'ament_cmake_args' from command line to 'None'
[0.244s] Level 5:colcon.colcon_core.verb:set package 'sllidar_ros2' build argument 'catkin_cmake_args' from command line to 'None'
[0.244s] Level 5:colcon.colcon_core.verb:set package 'sllidar_ros2' build argument 'catkin_skip_building_tests' from command line to 'False'
[0.244s] DEBUG:colcon.colcon_core.verb:Building package 'sllidar_ros2' with the following arguments: {'ament_cmake_args': None, 'build_base': '/home/khemin/ws_lidar/build/sllidar_ros2', 'catkin_cmake_args': None, 'catkin_skip_building_tests': False, 'cmake_args': None, 'cmake_clean_cache': False, 'cmake_clean_first': False, 'cmake_force_configure': False, 'cmake_target': None, 'cmake_target_skip_unavailable': False, 'install_base': '/home/khemin/ws_lidar/install/sllidar_ros2', 'merge_install': False, 'path': '/home/khemin/ws_lidar/src/sllidar_ros2', 'symlink_install': False, 'test_result_base': None}
[0.244s] INFO:colcon.colcon_core.executor:Executing jobs using 'parallel' executor
[0.245s] DEBUG:colcon.colcon_parallel_executor.executor.parallel:run_until_complete
[0.245s] INFO:colcon.colcon_ros.task.ament_python.build:Building ROS package in '/home/khemin/ws_lidar/src/lidar_processing' with build type 'ament_python'
[0.246s] Level 1:colcon.colcon_core.shell:create_environment_hook('lidar_processing', 'ament_prefix_path')
[0.248s] INFO:colcon.colcon_core.plugin_system:Skipping extension 'colcon_core.shell.bat': Not used on non-Windows systems
[0.248s] INFO:colcon.colcon_core.shell:Creating environment hook '/home/khemin/ws_lidar/install/lidar_processing/share/lidar_processing/hook/ament_prefix_path.ps1'
[0.248s] INFO:colcon.colcon_core.shell:Creating environment descriptor '/home/khemin/ws_lidar/install/lidar_processing/share/lidar_processing/hook/ament_prefix_path.dsv'
[0.248s] INFO:colcon.colcon_core.shell:Creating environment hook '/home/khemin/ws_lidar/install/lidar_processing/share/lidar_processing/hook/ament_prefix_path.sh'
[0.249s] INFO:colcon.colcon_core.shell:Skip shell extension 'powershell' for command environment: Not usable outside of PowerShell
[0.249s] DEBUG:colcon.colcon_core.shell:Skip shell extension 'dsv' for command environment
[0.252s] INFO:colcon.colcon_ros.task.ament_cmake.build:Building ROS package in '/home/khemin/ws_lidar/src/sllidar_ros2' with build type 'ament_cmake'
[0.252s] INFO:colcon.colcon_cmake.task.cmake.build:Building CMake package in '/home/khemin/ws_lidar/src/sllidar_ros2'
[0.252s] INFO:colcon.colcon_core.shell:Skip shell extension 'powershell' for command environment: Not usable outside of PowerShell
[0.252s] DEBUG:colcon.colcon_core.shell:Skip shell extension 'dsv' for command environment
[0.427s] INFO:colcon.colcon_core.task.python.build:Building Python package in '/home/khemin/ws_lidar/src/lidar_processing'
[0.427s] INFO:colcon.colcon_core.shell:Skip shell extension 'powershell' for command environment: Not usable outside of PowerShell
[0.427s] DEBUG:colcon.colcon_core.shell:Skip shell extension 'dsv' for command environment
[0.433s] DEBUG:colcon.colcon_core.event_handler.log_command:Invoking command in '/home/khemin/ws_lidar/build/sllidar_ros2': CMAKE_PREFIX_PATH=${CMAKE_PREFIX_PATH}:/home/khemin/ws_lidar/install/lidar_processing:/opt/ros/humble /usr/bin/cmake --build /home/khemin/ws_lidar/build/sllidar_ros2 -- -j16 -l16
[0.505s] DEBUG:colcon.colcon_core.event_handler.log_command:Invoked command in '/home/khemin/ws_lidar/build/sllidar_ros2' returned '0': CMAKE_PREFIX_PATH=${CMAKE_PREFIX_PATH}:/home/khemin/ws_lidar/install/lidar_processing:/opt/ros/humble /usr/bin/cmake --build /home/khemin/ws_lidar/build/sllidar_ros2 -- -j16 -l16
[0.600s] DEBUG:colcon.colcon_core.event_handler.log_command:Invoking command in '/home/khemin/ws_lidar/build/sllidar_ros2': CMAKE_PREFIX_PATH=${CMAKE_PREFIX_PATH}:/home/khemin/ws_lidar/install/lidar_processing:/opt/ros/humble /usr/bin/cmake --install /home/khemin/ws_lidar/build/sllidar_ros2
[0.621s] Level 1:colcon.colcon_core.environment:create_environment_scripts_only(sllidar_ros2)
[0.621s] DEBUG:colcon.colcon_core.event_handler.log_command:Invoked command in '/home/khemin/ws_lidar/build/sllidar_ros2' returned '0': CMAKE_PREFIX_PATH=${CMAKE_PREFIX_PATH}:/home/khemin/ws_lidar/install/lidar_processing:/opt/ros/humble /usr/bin/cmake --install /home/khemin/ws_lidar/build/sllidar_ros2
[0.623s] Level 1:colcon.colcon_core.environment:checking '/home/khemin/ws_lidar/install/sllidar_ros2' for CMake module files
[0.624s] Level 1:colcon.colcon_core.environment:checking '/home/khemin/ws_lidar/install/sllidar_ros2' for CMake config files
[0.624s] Level 1:colcon.colcon_core.shell:create_environment_hook('sllidar_ros2', 'cmake_prefix_path')
[0.624s] INFO:colcon.colcon_core.shell:Creating environment hook '/home/khemin/ws_lidar/install/sllidar_ros2/share/sllidar_ros2/hook/cmake_prefix_path.ps1'
[0.624s] INFO:colcon.colcon_core.shell:Creating environment descriptor '/home/khemin/ws_lidar/install/sllidar_ros2/share/sllidar_ros2/hook/cmake_prefix_path.dsv'
[0.625s] INFO:colcon.colcon_core.shell:Creating environment hook '/home/khemin/ws_lidar/install/sllidar_ros2/share/sllidar_ros2/hook/cmake_prefix_path.sh'
[0.625s] Level 1:colcon.colcon_core.environment:checking '/home/khemin/ws_lidar/install/sllidar_ros2/lib'
[0.625s] Level 1:colcon.colcon_core.environment:checking '/home/khemin/ws_lidar/install/sllidar_ros2/bin'
[0.625s] Level 1:colcon.colcon_core.environment:checking '/home/khemin/ws_lidar/install/sllidar_ros2/lib/pkgconfig/sllidar_ros2.pc'
[0.625s] Level 1:colcon.colcon_core.environment:checking '/home/khemin/ws_lidar/install/sllidar_ros2/lib/python3.10/site-packages'
[0.626s] Level 1:colcon.colcon_core.environment:checking '/home/khemin/ws_lidar/install/sllidar_ros2/bin'
[0.626s] INFO:colcon.colcon_core.shell:Creating package script '/home/khemin/ws_lidar/install/sllidar_ros2/share/sllidar_ros2/package.ps1'
[0.626s] INFO:colcon.colcon_core.shell:Creating package descriptor '/home/khemin/ws_lidar/install/sllidar_ros2/share/sllidar_ros2/package.dsv'
[0.627s] INFO:colcon.colcon_core.shell:Creating package script '/home/khemin/ws_lidar/install/sllidar_ros2/share/sllidar_ros2/package.sh'
[0.627s] INFO:colcon.colcon_core.shell:Creating package script '/home/khemin/ws_lidar/install/sllidar_ros2/share/sllidar_ros2/package.bash'
[0.628s] INFO:colcon.colcon_core.shell:Creating package script '/home/khemin/ws_lidar/install/sllidar_ros2/share/sllidar_ros2/package.zsh'
[0.629s] Level 1:colcon.colcon_core.environment:create_file_with_runtime_dependencies(/home/khemin/ws_lidar/install/sllidar_ros2/share/colcon-core/packages/sllidar_ros2)
[0.687s] DEBUG:colcon.colcon_core.event_handler.log_command:Invoking command in '/home/khemin/ws_lidar/src/lidar_processing': PYTHONPATH=/home/khemin/ws_lidar/build/lidar_processing/prefix_override:/usr/lib/python3/dist-packages/colcon_core/task/python/colcon_distutils_commands:/home/khemin/ws_lidar/install/lidar_processing/lib/python3.10/site-packages:${PYTHONPATH} /usr/bin/python3 -W ignore:setup.py install is deprecated setup.py egg_info --egg-base ../../build/lidar_processing build --build-base /home/khemin/ws_lidar/build/lidar_processing/build install --record /home/khemin/ws_lidar/build/lidar_processing/install.log --single-version-externally-managed install_data
[0.712s] Level 1:colcon.colcon_core.environment:create_environment_scripts_only(sllidar_ros2)
[0.713s] Level 1:colcon.colcon_core.environment:checking '/home/khemin/ws_lidar/install/sllidar_ros2' for CMake module files
[0.713s] Level 1:colcon.colcon_core.environment:checking '/home/khemin/ws_lidar/install/sllidar_ros2' for CMake config files
[0.713s] Level 1:colcon.colcon_core.shell:create_environment_hook('sllidar_ros2', 'cmake_prefix_path')
[0.714s] INFO:colcon.colcon_core.shell:Creating environment hook '/home/khemin/ws_lidar/install/sllidar_ros2/share/sllidar_ros2/hook/cmake_prefix_path.ps1'
[0.714s] INFO:colcon.colcon_core.shell:Creating environment descriptor '/home/khemin/ws_lidar/install/sllidar_ros2/share/sllidar_ros2/hook/cmake_prefix_path.dsv'
[0.714s] INFO:colcon.colcon_core.shell:Creating environment hook '/home/khemin/ws_lidar/install/sllidar_ros2/share/sllidar_ros2/hook/cmake_prefix_path.sh'
[0.714s] Level 1:colcon.colcon_core.environment:checking '/home/khemin/ws_lidar/install/sllidar_ros2/lib'
[0.715s] Level 1:colcon.colcon_core.environment:checking '/home/khemin/ws_lidar/install/sllidar_ros2/bin'
[0.715s] Level 1:colcon.colcon_core.environment:checking '/home/khemin/ws_lidar/install/sllidar_ros2/lib/pkgconfig/sllidar_ros2.pc'
[0.715s] Level 1:colcon.colcon_core.environment:checking '/home/khemin/ws_lidar/install/sllidar_ros2/lib/python3.10/site-packages'
[0.715s] Level 1:colcon.colcon_core.environment:checking '/home/khemin/ws_lidar/install/sllidar_ros2/bin'
[0.715s] INFO:colcon.colcon_core.shell:Creating package script '/home/khemin/ws_lidar/install/sllidar_ros2/share/sllidar_ros2/package.ps1'
[0.716s] INFO:colcon.colcon_core.shell:Creating package descriptor '/home/khemin/ws_lidar/install/sllidar_ros2/share/sllidar_ros2/package.dsv'
[0.716s] INFO:colcon.colcon_core.shell:Creating package script '/home/khemin/ws_lidar/install/sllidar_ros2/share/sllidar_ros2/package.sh'
[0.717s] INFO:colcon.colcon_core.shell:Creating package script '/home/khemin/ws_lidar/install/sllidar_ros2/share/sllidar_ros2/package.bash'
[0.717s] INFO:colcon.colcon_core.shell:Creating package script '/home/khemin/ws_lidar/install/sllidar_ros2/share/sllidar_ros2/package.zsh'
[0.717s] Level 1:colcon.colcon_core.environment:create_file_with_runtime_dependencies(/home/khemin/ws_lidar/install/sllidar_ros2/share/colcon-core/packages/sllidar_ros2)
[0.883s] Level 1:colcon.colcon_core.environment:checking '/home/khemin/ws_lidar/install/lidar_processing' for CMake module files
[0.883s] DEBUG:colcon.colcon_core.event_handler.log_command:Invoked command in '/home/khemin/ws_lidar/src/lidar_processing' returned '0': PYTHONPATH=/home/khemin/ws_lidar/build/lidar_processing/prefix_override:/usr/lib/python3/dist-packages/colcon_core/task/python/colcon_distutils_commands:/home/khemin/ws_lidar/install/lidar_processing/lib/python3.10/site-packages:${PYTHONPATH} /usr/bin/python3 -W ignore:setup.py install is deprecated setup.py egg_info --egg-base ../../build/lidar_processing build --build-base /home/khemin/ws_lidar/build/lidar_processing/build install --record /home/khemin/ws_lidar/build/lidar_processing/install.log --single-version-externally-managed install_data
[0.884s] Level 1:colcon.colcon_core.environment:checking '/home/khemin/ws_lidar/install/lidar_processing' for CMake config files
[0.884s] Level 1:colcon.colcon_core.environment:checking '/home/khemin/ws_lidar/install/lidar_processing/lib'
[0.884s] Level 1:colcon.colcon_core.environment:checking '/home/khemin/ws_lidar/install/lidar_processing/bin'
[0.884s] Level 1:colcon.colcon_core.environment:checking '/home/khemin/ws_lidar/install/lidar_processing/lib/pkgconfig/lidar_processing.pc'
[0.884s] Level 1:colcon.colcon_core.environment:checking '/home/khemin/ws_lidar/install/lidar_processing/lib/python3.10/site-packages'
[0.884s] Level 1:colcon.colcon_core.shell:create_environment_hook('lidar_processing', 'pythonpath')
[0.884s] INFO:colcon.colcon_core.shell:Creating environment hook '/home/khemin/ws_lidar/install/lidar_processing/share/lidar_processing/hook/pythonpath.ps1'
[0.885s] INFO:colcon.colcon_core.shell:Creating environment descriptor '/home/khemin/ws_lidar/install/lidar_processing/share/lidar_processing/hook/pythonpath.dsv'
[0.885s] INFO:colcon.colcon_core.shell:Creating environment hook '/home/khemin/ws_lidar/install/lidar_processing/share/lidar_processing/hook/pythonpath.sh'
[0.885s] Level 1:colcon.colcon_core.environment:checking '/home/khemin/ws_lidar/install/lidar_processing/bin'
[0.885s] Level 1:colcon.colcon_core.environment:create_environment_scripts_only(lidar_processing)
[0.886s] INFO:colcon.colcon_core.shell:Creating package script '/home/khemin/ws_lidar/install/lidar_processing/share/lidar_processing/package.ps1'
[0.886s] INFO:colcon.colcon_core.shell:Creating package descriptor '/home/khemin/ws_lidar/install/lidar_processing/share/lidar_processing/package.dsv'
[0.886s] INFO:colcon.colcon_core.shell:Creating package script '/home/khemin/ws_lidar/install/lidar_processing/share/lidar_processing/package.sh'
[0.887s] INFO:colcon.colcon_core.shell:Creating package script '/home/khemin/ws_lidar/install/lidar_processing/share/lidar_processing/package.bash'
[0.887s] INFO:colcon.colcon_core.shell:Creating package script '/home/khemin/ws_lidar/install/lidar_processing/share/lidar_processing/package.zsh'
[0.887s] Level 1:colcon.colcon_core.environment:create_file_with_runtime_dependencies(/home/khemin/ws_lidar/install/lidar_processing/share/colcon-core/packages/lidar_processing)
[0.887s] DEBUG:colcon.colcon_parallel_executor.executor.parallel:closing loop
[0.887s] DEBUG:colcon.colcon_parallel_executor.executor.parallel:loop closed
[0.887s] DEBUG:colcon.colcon_parallel_executor.executor.parallel:run_until_complete finished with '0'
[0.887s] DEBUG:colcon.colcon_core.event_reactor:joining thread
[0.892s] INFO:colcon.colcon_core.plugin_system:Skipping extension 'colcon_notification.desktop_notification.terminal_notifier': Not used on non-Darwin systems
[0.892s] INFO:colcon.colcon_core.plugin_system:Skipping extension 'colcon_notification.desktop_notification.win32': Not used on non-Windows systems
[0.892s] INFO:colcon.colcon_notification.desktop_notification:Sending desktop notification using 'notify2'
[0.901s] DEBUG:colcon.colcon_core.event_reactor:joined thread
[0.901s] INFO:colcon.colcon_core.shell:Creating prefix script '/home/khemin/ws_lidar/install/local_setup.ps1'
[0.903s] INFO:colcon.colcon_core.shell:Creating prefix util module '/home/khemin/ws_lidar/install/_local_setup_util_ps1.py'
[0.903s] INFO:colcon.colcon_core.shell:Creating prefix chain script '/home/khemin/ws_lidar/install/setup.ps1'
[0.904s] INFO:colcon.colcon_core.shell:Creating prefix script '/home/khemin/ws_lidar/install/local_setup.sh'
[0.904s] INFO:colcon.colcon_core.shell:Creating prefix util module '/home/khemin/ws_lidar/install/_local_setup_util_sh.py'
[0.905s] INFO:colcon.colcon_core.shell:Creating prefix chain script '/home/khemin/ws_lidar/install/setup.sh'
[0.906s] INFO:colcon.colcon_core.shell:Creating prefix script '/home/khemin/ws_lidar/install/local_setup.bash'
[0.906s] INFO:colcon.colcon_core.shell:Creating prefix chain script '/home/khemin/ws_lidar/install/setup.bash'
[0.907s] INFO:colcon.colcon_core.shell:Creating prefix script '/home/khemin/ws_lidar/install/local_setup.zsh'
[0.907s] INFO:colcon.colcon_core.shell:Creating prefix chain script '/home/khemin/ws_lidar/install/setup.zsh'
