[0.009s] Invoking command in '/home/khemin/ws_lidar/build/sllidar_ros2': CMAKE_PREFIX_PATH=${CMAKE_PREFIX_PATH}:/opt/ros/humble /usr/bin/cmake /home/khemin/ws_lidar/src/sllidar_ros2 -DCMAKE_INSTALL_PREFIX=/home/khemin/ws_lidar/install/sllidar_ros2
[0.021s] -- Found ament_cmake: 1.3.10 (/opt/ros/humble/share/ament_cmake/cmake)
[0.110s] -- Override CMake install command with custom implementation using symlinks instead of copying resources
[0.115s] -- Found rclcpp: 16.0.10 (/opt/ros/humble/share/rclcpp/cmake)
[0.136s] -- Found rosidl_generator_c: 3.1.5 (/opt/ros/humble/share/rosidl_generator_c/cmake)
[0.138s] -- Found rosidl_adapter: 3.1.5 (/opt/ros/humble/share/rosidl_adapter/cmake)
[0.141s] -- Found rosidl_generator_cpp: 3.1.5 (/opt/ros/humble/share/rosidl_generator_cpp/cmake)
[0.148s] -- Using all available rosidl_typesupport_c: rosidl_typesupport_fastrtps_c;rosidl_typesupport_introspection_c
[0.155s] -- Using all available rosidl_typesupport_cpp: rosidl_typesupport_fastrtps_cpp;rosidl_typesupport_introspection_cpp
[0.176s] -- Found rmw_implementation_cmake: 6.1.2 (/opt/ros/humble/share/rmw_implementation_cmake/cmake)
[0.176s] -- Found rmw_fastrtps_cpp: 6.2.7 (/opt/ros/humble/share/rmw_fastrtps_cpp/cmake)
[0.262s] -- Using RMW implementation 'rmw_fastrtps_cpp' as default
[0.293s] -- Found sensor_msgs: 4.2.4 (/opt/ros/humble/share/sensor_msgs/cmake)
[0.312s] -- Found std_srvs: 4.2.4 (/opt/ros/humble/share/std_srvs/cmake)
[0.367s] -- Configuring done
[0.378s] -- Generating done
[0.379s] -- Build files have been written to: /home/khemin/ws_lidar/build/sllidar_ros2
[0.389s] Invoked command in '/home/khemin/ws_lidar/build/sllidar_ros2' returned '0': CMAKE_PREFIX_PATH=${CMAKE_PREFIX_PATH}:/opt/ros/humble /usr/bin/cmake /home/khemin/ws_lidar/src/sllidar_ros2 -DCMAKE_INSTALL_PREFIX=/home/khemin/ws_lidar/install/sllidar_ros2
[0.391s] Invoking command in '/home/khemin/ws_lidar/build/sllidar_ros2': CMAKE_PREFIX_PATH=${CMAKE_PREFIX_PATH}:/opt/ros/humble /usr/bin/cmake --build /home/khemin/ws_lidar/build/sllidar_ros2 -- -j16 -l16
[0.432s] [35m[1mConsolidate compiler generated dependencies of target sllidar_client[0m
[0.435s] [35m[1mConsolidate compiler generated dependencies of target sllidar_node[0m
[0.449s] [ 10%] Built target sllidar_client
[0.458s] [100%] Built target sllidar_node
[0.470s] Invoked command in '/home/khemin/ws_lidar/build/sllidar_ros2' returned '0': CMAKE_PREFIX_PATH=${CMAKE_PREFIX_PATH}:/opt/ros/humble /usr/bin/cmake --build /home/khemin/ws_lidar/build/sllidar_ros2 -- -j16 -l16
[0.572s] Invoking command in '/home/khemin/ws_lidar/build/sllidar_ros2': CMAKE_PREFIX_PATH=${CMAKE_PREFIX_PATH}:/opt/ros/humble /usr/bin/cmake --install /home/khemin/ws_lidar/build/sllidar_ros2
[0.579s] -- Install configuration: ""
[0.579s] -- Execute custom install script
[0.580s] -- Up-to-date symlink: /home/khemin/ws_lidar/install/sllidar_ros2/share/sllidar_ros2/launch/sllidar_a1_launch.py
[0.580s] -- Up-to-date symlink: /home/khemin/ws_lidar/install/sllidar_ros2/share/sllidar_ros2/launch/sllidar_a2m12_launch .py
[0.580s] -- Up-to-date symlink: /home/khemin/ws_lidar/install/sllidar_ros2/share/sllidar_ros2/launch/sllidar_a2m7_launch.py
[0.581s] -- Up-to-date symlink: /home/khemin/ws_lidar/install/sllidar_ros2/share/sllidar_ros2/launch/sllidar_a2m8_launch.py
[0.581s] -- Up-to-date symlink: /home/khemin/ws_lidar/install/sllidar_ros2/share/sllidar_ros2/launch/sllidar_a3_launch.py
[0.581s] -- Up-to-date symlink: /home/khemin/ws_lidar/install/sllidar_ros2/share/sllidar_ros2/launch/sllidar_c1_launch.py
[0.581s] -- Up-to-date symlink: /home/khemin/ws_lidar/install/sllidar_ros2/share/sllidar_ros2/launch/sllidar_s1_launch.py
[0.581s] -- Up-to-date symlink: /home/khemin/ws_lidar/install/sllidar_ros2/share/sllidar_ros2/launch/sllidar_s1_tcp_launch.py
[0.581s] -- Up-to-date symlink: /home/khemin/ws_lidar/install/sllidar_ros2/share/sllidar_ros2/launch/sllidar_s2_launch.py
[0.581s] -- Up-to-date symlink: /home/khemin/ws_lidar/install/sllidar_ros2/share/sllidar_ros2/launch/sllidar_s2e_launch.py
[0.581s] -- Up-to-date symlink: /home/khemin/ws_lidar/install/sllidar_ros2/share/sllidar_ros2/launch/sllidar_s3_launch.py
[0.581s] -- Up-to-date symlink: /home/khemin/ws_lidar/install/sllidar_ros2/share/sllidar_ros2/launch/sllidar_t1_launch.py
[0.581s] -- Up-to-date symlink: /home/khemin/ws_lidar/install/sllidar_ros2/share/sllidar_ros2/launch/view_sllidar_a1_launch.py
[0.581s] -- Up-to-date symlink: /home/khemin/ws_lidar/install/sllidar_ros2/share/sllidar_ros2/launch/view_sllidar_a2m12_launch.py
[0.581s] -- Up-to-date symlink: /home/khemin/ws_lidar/install/sllidar_ros2/share/sllidar_ros2/launch/view_sllidar_a2m7_launch.py
[0.581s] -- Up-to-date symlink: /home/khemin/ws_lidar/install/sllidar_ros2/share/sllidar_ros2/launch/view_sllidar_a2m8_launch.py
[0.581s] -- Up-to-date symlink: /home/khemin/ws_lidar/install/sllidar_ros2/share/sllidar_ros2/launch/view_sllidar_a3_launch.py
[0.582s] -- Up-to-date symlink: /home/khemin/ws_lidar/install/sllidar_ros2/share/sllidar_ros2/launch/view_sllidar_c1_launch.py
[0.582s] -- Up-to-date symlink: /home/khemin/ws_lidar/install/sllidar_ros2/share/sllidar_ros2/launch/view_sllidar_s1_launch.py
[0.582s] -- Up-to-date symlink: /home/khemin/ws_lidar/install/sllidar_ros2/share/sllidar_ros2/launch/view_sllidar_s1_tcp_launch.py
[0.582s] -- Up-to-date symlink: /home/khemin/ws_lidar/install/sllidar_ros2/share/sllidar_ros2/launch/view_sllidar_s2_launch.py
[0.582s] -- Up-to-date symlink: /home/khemin/ws_lidar/install/sllidar_ros2/share/sllidar_ros2/launch/view_sllidar_s2e_launch.py
[0.582s] -- Up-to-date symlink: /home/khemin/ws_lidar/install/sllidar_ros2/share/sllidar_ros2/launch/view_sllidar_s3_launch.py
[0.582s] -- Up-to-date symlink: /home/khemin/ws_lidar/install/sllidar_ros2/share/sllidar_ros2/launch/view_sllidar_t1_launch.py
[0.582s] -- Up-to-date symlink: /home/khemin/ws_lidar/install/sllidar_ros2/share/sllidar_ros2/rviz/sllidar_ros2.rviz
[0.582s] -- Up-to-date symlink: /home/khemin/ws_lidar/install/sllidar_ros2/lib/sllidar_ros2/sllidar_node
[0.583s] -- Up-to-date symlink: /home/khemin/ws_lidar/install/sllidar_ros2/lib/sllidar_ros2/sllidar_client
[0.583s] -- Up-to-date symlink: /home/khemin/ws_lidar/install/sllidar_ros2/share/ament_index/resource_index/package_run_dependencies/sllidar_ros2
[0.583s] -- Up-to-date symlink: /home/khemin/ws_lidar/install/sllidar_ros2/share/ament_index/resource_index/parent_prefix_path/sllidar_ros2
[0.583s] -- Up-to-date symlink: /home/khemin/ws_lidar/install/sllidar_ros2/share/sllidar_ros2/environment/ament_prefix_path.sh
[0.583s] -- Up-to-date symlink: /home/khemin/ws_lidar/install/sllidar_ros2/share/sllidar_ros2/environment/ament_prefix_path.dsv
[0.583s] -- Up-to-date symlink: /home/khemin/ws_lidar/install/sllidar_ros2/share/sllidar_ros2/environment/path.sh
[0.583s] -- Up-to-date symlink: /home/khemin/ws_lidar/install/sllidar_ros2/share/sllidar_ros2/environment/path.dsv
[0.583s] -- Up-to-date symlink: /home/khemin/ws_lidar/install/sllidar_ros2/share/sllidar_ros2/local_setup.bash
[0.583s] -- Up-to-date symlink: /home/khemin/ws_lidar/install/sllidar_ros2/share/sllidar_ros2/local_setup.sh
[0.583s] -- Up-to-date symlink: /home/khemin/ws_lidar/install/sllidar_ros2/share/sllidar_ros2/local_setup.zsh
[0.583s] -- Up-to-date symlink: /home/khemin/ws_lidar/install/sllidar_ros2/share/sllidar_ros2/local_setup.dsv
[0.583s] -- Symlinking: /home/khemin/ws_lidar/install/sllidar_ros2/share/sllidar_ros2/package.dsv
[0.592s] -- Up-to-date symlink: /home/khemin/ws_lidar/install/sllidar_ros2/share/ament_index/resource_index/packages/sllidar_ros2
[0.593s] -- Up-to-date symlink: /home/khemin/ws_lidar/install/sllidar_ros2/share/sllidar_ros2/cmake/ament_cmake_export_dependencies-extras.cmake
[0.593s] -- Up-to-date symlink: /home/khemin/ws_lidar/install/sllidar_ros2/share/sllidar_ros2/cmake/ament_cmake_export_include_directories-extras.cmake
[0.593s] -- Up-to-date symlink: /home/khemin/ws_lidar/install/sllidar_ros2/share/sllidar_ros2/cmake/sllidar_ros2Config.cmake
[0.593s] -- Up-to-date symlink: /home/khemin/ws_lidar/install/sllidar_ros2/share/sllidar_ros2/cmake/sllidar_ros2Config-version.cmake
[0.594s] -- Up-to-date symlink: /home/khemin/ws_lidar/install/sllidar_ros2/share/sllidar_ros2/package.xml
[0.595s] Invoked command in '/home/khemin/ws_lidar/build/sllidar_ros2' returned '0': CMAKE_PREFIX_PATH=${CMAKE_PREFIX_PATH}:/opt/ros/humble /usr/bin/cmake --install /home/khemin/ws_lidar/build/sllidar_ros2
